      213.0000000000        1.0000000000        1.0000000000        0.0000367521
      213.0380761523        1.0000000000        1.0000000000        0.0000372671
      213.0761523046        1.0000000000        1.0000000000        0.0000378151
      213.1142284569        1.0000000000        1.0000000000        0.0000384018
      213.1523046092        1.0000000000        1.0000000000        0.0000390342
      213.1903807615        1.0000000000        1.0000000000        0.0000397202
      213.2284569138        1.0000000000        1.0000000000        0.0000404691
      213.2665330661        1.0000000000        1.0000000000        0.0000412914
      213.3046092184        1.0000000000        1.0000000000        0.0000421997
      213.3426853707        1.0000000000        1.0000000000        0.0000432079
      213.3807615230        1.0000000000        1.0000000000        0.0000443325
      213.4188376754        1.0000000000        1.0000000000        0.0000455922
      213.4569138277        1.0000000000        1.0000000000        0.0000470084
      213.4949899800        1.0000000000        1.0000000000        0.0000486055
      213.5330661323        1.0000000000        1.0000000000        0.0000504113
      213.5711422846        1.0000000000        1.0000000000        0.0000524573
      213.6092184369        1.0000000000        1.0000000000        0.0000547795
      213.6472945892        1.0000000000        1.0000000000        0.0000574181
      213.6853707415        1.0000000000        1.0000000000        0.0000604188
      213.7234468938        1.0000000000        1.0000000000        0.0000638326
      213.7615230461        1.0000000000        1.0000000000        0.0000677169
      213.7995991984        1.0000000000        1.0000000000        0.0000721356
      213.8376753507        1.0000000000        1.0000000000        0.0000771598
      213.8757515030        1.0000000000        1.0000000000        0.0000828682
      213.9138276553        1.0000000000        1.0000000000        0.0000893477
      213.9519038076        1.0000000000        1.0000000000        0.0000966937
      213.9899799599        1.0000000000        1.0000000000        0.0001050103
      214.0280561122        1.0000000000        1.0000000000        0.0001144108
      214.0661322645        1.0000000000        1.0000000000        0.0001250175
      214.1042084168        1.0000000000        1.0000000000        0.0001369616
      214.1422845691        1.0000000000        1.0000000000        0.0001503833
      214.1803607214        1.0000000000        1.0000000000        0.0001654378
      214.2184368737        1.0000000000        1.0000000000        0.0001824471
      214.2565130261        1.0000000000        1.0000000000        0.0002018713
      214.2945891784        1.0000000000        1.0000000000        0.0002239489
      214.3326653307        1.0000000000        1.0000000000        0.0002488862
      214.3707414830        1.0000000000        1.0000000000        0.0002768831
      214.4088176353        1.0000000000        1.0000000000        0.0003081268
      214.4468937876        1.0000000000        1.0000000000        0.0003427366
      214.4849699399        1.0000000000        1.0000000000        0.0003805488
      214.5230460922        1.0000000000        1.0000000000        0.0004214988
      214.5611222445        1.0000000000        1.0000000000        0.0004655884
      214.5991983968        1.0000000000        1.0000000000        0.0005127551
      214.6372745491        1.0000000000        1.0000000000        0.0005628488
      214.6753507014        1.0000000000        1.0000000000        0.0006156113
      214.7134268537        1.0000000000        1.0000000000        0.0006706520
      214.7515030060        1.0000000000        1.0000000000        0.0007274229
      214.7895791583        1.0000000000        1.0000000000        0.0007851903
      214.8276553106        1.0000000000        1.0000000000        0.0008430071
      214.8657314629        1.0000000000        1.0000000000        0.0008996839
      214.9038076152        1.0000000000        1.0000000000        0.0009537645
      214.9418837675        1.0000000000        1.0000000000        0.0010035061
      214.9799599198        1.0000000000        1.0000000000        0.0010468697
      215.0180360721        1.0000000000        1.0000000000        0.0010815281
      215.0561122244        1.0000000000        1.0000000000        0.0011048977
      215.0941883768        1.0000000000        1.0000000000        0.0011142081
      215.1322645291        1.0000000000        1.0000000000        0.0011066227
      215.1703406814        1.0000000000        1.0000000000        0.0010794335
      215.2084168337        1.0000000000        1.0000000000        0.0010303542
      215.2464929860        1.0000000000        1.0000000000        0.0009579486
      215.2845691383        1.0000000000        1.0000000000        0.0008622393
      215.3226452906        1.0000000000        1.0000000000        0.0007455506
      215.3607214429        1.0000000000        1.0000000000        0.0006136535
      215.3987975952        1.0000000000        1.0000000000        0.0004772070
      215.4368737475        1.0000000000        1.0000000000        0.0003510142
      215.4749498998        1.0000000000        1.0000000000        0.0002441324
      215.5130260521        1.0000000000        1.0000000000        0.0001602600
      215.5511022044        1.0000000000        1.0000000000        0.0001013943
      215.5891783567        1.0000000000        1.0000000000        0.0000671589
      215.6272545090        1.0000000000        1.0000000000        0.0000534631
      215.6653306613        1.0000000000        1.0000000000        0.0000511342
      215.7034068136        1.0000000000        1.0000000000        0.0000509867
      215.7414829659        1.0000000000        1.0000000000        0.0000511182
      215.7795591182        1.0000000000        1.0000000000        0.0000513968
      215.8176352705        1.0000000000        1.0000000000        0.0000517770
      215.8557114228        1.0000000000        1.0000000000        0.0000522360
      215.8937875752        1.0000000000        1.0000000000        0.0000527612
      215.9318637275        1.0000000000        1.0000000000        0.0000533452
      215.9699398798        1.0000000000        1.0000000000        0.0000539838
      216.0080160321        1.0000000000        1.0000000000        0.0000546750
      216.0460921844        1.0000000000        1.0000000000        0.0000554180
      216.0841683367        1.0000000000        1.0000000000        0.0000562129
      216.1222444890        1.0000000000        1.0000000000        0.0000570607
      216.1603206413        1.0000000000        1.0000000000        0.0000579629
      216.1983967936        1.0000000000        1.0000000000        0.0000589217
      216.2364729459        1.0000000000        1.0000000000        0.0000599392
      216.2745490982        1.0000000000        1.0000000000        0.0000610183
      216.3126252505        1.0000000000        1.0000000000        0.0000621620
      216.3507014028        1.0000000000        1.0000000000        0.0000633735
      216.3887775551        1.0000000000        1.0000000000        0.0000646561
      216.4268537074        1.0000000000        1.0000000000        0.0000660134
      216.4649298597        1.0000000000        1.0000000000        0.0000674491
      216.5030060120        1.0000000000        1.0000000000        0.0000689669
      216.5410821643        1.0000000000        1.0000000000        0.0000705707
      216.5791583166        1.0000000000        1.0000000000        0.0000722649
      216.6172344689        1.0000000000        1.0000000000        0.0000740540
      216.6553106212        1.0000000000        1.0000000000        0.0000759420
      216.6933867735        1.0000000000        1.0000000000        0.0000779311
      216.7314629259        1.0000000000        1.0000000000        0.0000800219
      216.7695390782        1.0000000000        1.0000000000        0.0000822129
      216.8076152305        1.0000000000        1.0000000000        0.0000845005
      216.8456913828        1.0000000000        1.0000000000        0.0000868779
      216.8837675351        1.0000000000        1.0000000000        0.0000893353
      216.9218436874        1.0000000000        1.0000000000        0.0000918608
      216.9599198397        1.0000000000        1.0000000000        0.0000944396
      216.9979959920        1.0000000000        1.0000000000        0.0000970542
      217.0360721443        1.0000000000        1.0000000000        0.0000996835
      217.0741482966        1.0000000000        1.0000000000        0.0001023023
      217.1122244489        1.0000000000        1.0000000000        0.0001048808
      217.1503006012        1.0000000000        1.0000000000        0.0001073847
      217.1883767535        1.0000000000        1.0000000000        0.0001097745
      217.2264529058        1.0000000000        1.0000000000        0.0001120057
      217.2645290581        1.0000000000        1.0000000000        0.0001140287
      217.3026052104        1.0000000000        1.0000000000        0.0001157897
      217.3406813627        1.0000000000        1.0000000000        0.0001172307
      217.3787575150        1.0000000000        1.0000000000        0.0001182915
      217.4168336673        1.0000000000        1.0000000000        0.0001189108
      217.4549098196        1.0000000000        1.0000000000        0.0001190292
      217.4929859719        1.0000000000        1.0000000000        0.0001185925
      217.5310621242        1.0000000000        1.0000000000        0.0001175556
      217.5691382766        1.0000000000        1.0000000000        0.0001158884
      217.6072144289        1.0000000000        1.0000000000        0.0001135821
      217.6452905812        1.0000000000        1.0000000000        0.0001106567
      217.6833667335        1.0000000000        1.0000000000        0.0001071686
      217.7214428858        1.0000000000        1.0000000000        0.0001032174
      217.7595190381        1.0000000000        1.0000000000        0.0000989495
      217.7975951904        1.0000000000        1.0000000000        0.0000945525
      217.8356713427        1.0000000000        1.0000000000        0.0000902301
      217.8737474950        1.0000000000        1.0000000000        0.0000861601
      217.9118236473        1.0000000000        1.0000000000        0.0000824676
      217.9498997996        1.0000000000        1.0000000000        0.0000792247
      217.9879759519        1.0000000000        1.0000000000        0.0000764514
      218.0260521042        1.0000000000        1.0000000000        0.0000741153
      218.0641282565        1.0000000000        1.0000000000        0.0000721409
      218.1022044088        1.0000000000        1.0000000000        0.0000704382
      218.1402805611        1.0000000000        1.0000000000        0.0000689359
      218.1783567134        1.0000000000        1.0000000000        0.0000675890
      218.2164328657        1.0000000000        1.0000000000        0.0000663673
      218.2545090180        1.0000000000        1.0000000000        0.0000652497
      218.2925851703        1.0000000000        1.0000000000        0.0000642200
      218.3306613226        1.0000000000        1.0000000000        0.0000632657
      218.3687374749        1.0000000000        1.0000000000        0.0000623767
      218.4068136273        1.0000000000        1.0000000000        0.0000615448
      218.4448897796        1.0000000000        1.0000000000        0.0000607629
      218.4829659319        1.0000000000        1.0000000000        0.0000600252
      218.5210420842        1.0000000000        1.0000000000        0.0000593265
      218.5591182365        1.0000000000        1.0000000000        0.0000586622
      218.5971943888        1.0000000000        1.0000000000        0.0000580283
      218.6352705411        1.0000000000        1.0000000000        0.0000574212
      218.6733466934        1.0000000000        1.0000000000        0.0000568372
      218.7114228457        1.0000000000        1.0000000000        0.0000562734
      218.7494989980        1.0000000000        1.0000000000        0.0000557268
      218.7875751503        1.0000000000        1.0000000000        0.0000551943
      218.8256513026        1.0000000000        1.0000000000        0.0000546734
      218.8637274549        1.0000000000        1.0000000000        0.0000541612
      218.9018036072        1.0000000000        1.0000000000        0.0000536551
      218.9398797595        1.0000000000        1.0000000000        0.0000531524
      218.9779559118        1.0000000000        1.0000000000        0.0000526504
      219.0160320641        1.0000000000        1.0000000000        0.0000521463
      219.0541082164        1.0000000000        1.0000000000        0.0000516369
      219.0921843687        1.0000000000        1.0000000000        0.0000511187
      219.1302605210        1.0000000000        1.0000000000        0.0000505882
      219.1683366733        1.0000000000        1.0000000000        0.0000500414
      219.2064128257        1.0000000000        1.0000000000        0.0000494745
      219.2444889780        1.0000000000        1.0000000000        0.0000488833
      219.2825651303        1.0000000000        1.0000000000        0.0000482636
      219.3206412826        1.0000000000        1.0000000000        0.0000476116
      219.3587174349        1.0000000000        1.0000000000        0.0000469235
      219.3967935872        1.0000000000        1.0000000000        0.0000461953
      219.4348697395        1.0000000000        1.0000000000        0.0000454237
      219.4729458918        1.0000000000        1.0000000000        0.0000446050
      219.5110220441        1.0000000000        1.0000000000        0.0000437363
      219.5490981964        1.0000000000        1.0000000000        0.0000428146
      219.5871743487        1.0000000000        1.0000000000        0.0000418380
      219.6252505010        1.0000000000        1.0000000000        0.0000408051
      219.6633266533        1.0000000000        1.0000000000        0.0000397154
      219.7014028056        1.0000000000        1.0000000000        0.0000385698
      219.7394789579        1.0000000000        1.0000000000        0.0000373706
      219.7775551102        1.0000000000        1.0000000000        0.0000361219
      219.8156312625        1.0000000000        1.0000000000        0.0000348298
      219.8537074148        1.0000000000        1.0000000000        0.0000335030
      219.8917835671        1.0000000000        1.0000000000        0.0000321526
      219.9298597194        1.0000000000        1.0000000000        0.0000307929
      219.9679358717        1.0000000000        1.0000000000        0.0000294409
      220.0060120240        1.0000000000        1.0000000000        0.0000281169
      220.0440881764        1.0000000000        1.0000000000        0.0000268437
      220.0821643287        1.0000000000        1.0000000000        0.0000256461
      220.1202404810        1.0000000000        1.0000000000        0.0000245496
      220.1583166333        1.0000000000        1.0000000000        0.0000235790
      220.1963927856        1.0000000000        1.0000000000        0.0000227548
      220.2344689379        1.0000000000        1.0000000000        0.0000220899
      220.2725450902        1.0000000000        1.0000000000        0.0000215837
      220.3106212425        1.0000000000        1.0000000000        0.0000212202
      220.3486973948        1.0000000000        1.0000000000        0.0000209761
      220.3867735471        1.0000000000        1.0000000000        0.0000208243
      220.4248496994        1.0000000000        1.0000000000        0.0000207363
      220.4629258517        1.0000000000        1.0000000000        0.0000206846
      220.5010020040        1.0000000000        1.0000000000        0.0000206467
      220.5390781563        1.0000000000        1.0000000000        0.0000206107
      220.5771543086        1.0000000000        1.0000000000        0.0000205739
      220.6152304609        1.0000000000        1.0000000000        0.0000205359
      220.6533066132        1.0000000000        1.0000000000        0.0000204967
      220.6913827655        1.0000000000        1.0000000000        0.0000204559
      220.7294589178        1.0000000000        1.0000000000        0.0000204135
      220.7675350701        1.0000000000        1.0000000000        0.0000203693
      220.8056112224        1.0000000000        1.0000000000        0.0000203232
      220.8436873747        1.0000000000        1.0000000000        0.0000202750
      220.8817635271        1.0000000000        1.0000000000        0.0000202248
      220.9198396794        1.0000000000        1.0000000000        0.0000201722
      220.9579158317        1.0000000000        1.0000000000        0.0000201171
      220.9959919840        1.0000000000        1.0000000000        0.0000200595
      221.0340681363        1.0000000000        1.0000000000        0.0000199992
      221.0721442886        1.0000000000        1.0000000000        0.0000199360
      221.1102204409        1.0000000000        1.0000000000        0.0000198697
      221.1482965932        1.0000000000        1.0000000000        0.0000198002
      221.1863727455        1.0000000000        1.0000000000        0.0000197274
      221.2244488978        1.0000000000        1.0000000000        0.0000196509
      221.2625250501        1.0000000000        1.0000000000        0.0000195707
      221.3006012024        1.0000000000        1.0000000000        0.0000194866
      221.3386773547        1.0000000000        1.0000000000        0.0000193982
      221.3767535070        1.0000000000        1.0000000000        0.0000193055
      221.4148296593        1.0000000000        1.0000000000        0.0000192083
      221.4529058116        1.0000000000        1.0000000000        0.0000191062
      221.4909819639        1.0000000000        1.0000000000        0.0000189991
      221.5290581162        1.0000000000        1.0000000000        0.0000188868
      221.5671342685        1.0000000000        1.0000000000        0.0000187691
      221.6052104208        1.0000000000        1.0000000000        0.0000186456
      221.6432865731        1.0000000000        1.0000000000        0.0000185164
      221.6813627255        1.0000000000        1.0000000000        0.0000183811
      221.7194388778        1.0000000000        1.0000000000        0.0000182397
      221.7575150301        1.0000000000        1.0000000000        0.0000180919
      221.7955911824        1.0000000000        1.0000000000        0.0000179378
      221.8336673347        1.0000000000        1.0000000000        0.0000177772
      221.8717434870        1.0000000000        1.0000000000        0.0000176101
      221.9098196393        1.0000000000        1.0000000000        0.0000174366
      221.9478957916        1.0000000000        1.0000000000        0.0000172568
      221.9859719439        1.0000000000        1.0000000000        0.0000170709
      222.0240480962        1.0000000000        1.0000000000        0.0000168791
      222.0621242485        1.0000000000        1.0000000000        0.0000166817
      222.1002004008        1.0000000000        1.0000000000        0.0000164793
      222.1382765531        1.0000000000        1.0000000000        0.0000162722
      222.1763527054        1.0000000000        1.0000000000        0.0000160613
      222.2144288577        1.0000000000        1.0000000000        0.0000158471
      222.2525050100        1.0000000000        1.0000000000        0.0000156305
      222.2905811623        1.0000000000        1.0000000000        0.0000154124
      222.3286573146        1.0000000000        1.0000000000        0.0000151939
      222.3667334669        1.0000000000        1.0000000000        0.0000149761
      222.4048096192        1.0000000000        1.0000000000        0.0000147602
      222.4428857715        1.0000000000        1.0000000000        0.0000145472
      222.4809619238        1.0000000000        1.0000000000        0.0000143386
      222.5190380762        1.0000000000        1.0000000000        0.0000141353
      222.5571142285        1.0000000000        1.0000000000        0.0000139386
      222.5951903808        1.0000000000        1.0000000000        0.0000137495
      222.6332665331        1.0000000000        1.0000000000        0.0000135687
      222.6713426854        1.0000000000        1.0000000000        0.0000133969
      222.7094188377        1.0000000000        1.0000000000        0.0000132345
      222.7474949900        1.0000000000        1.0000000000        0.0000130816
      222.7855711423        1.0000000000        1.0000000000        0.0000129381
      222.8236472946        1.0000000000        1.0000000000        0.0000128037
      222.8617234469        1.0000000000        1.0000000000        0.0000126780
      222.8997995992        1.0000000000        1.0000000000        0.0000125603
      222.9378757515        1.0000000000        1.0000000000        0.0000124500
      222.9759519038        1.0000000000        1.0000000000        0.0000123466
      223.0140280561        1.0000000000        1.0000000000        0.0000122495
      223.0521042084        1.0000000000        1.0000000000        0.0000121581
      223.0901803607        1.0000000000        1.0000000000        0.0000120721
      223.1282565130        1.0000000000        1.0000000000        0.0000119909
      223.1663326653        1.0000000000        1.0000000000        0.0000119142
      223.2044088176        1.0000000000        1.0000000000        0.0000118418
      223.2424849699        1.0000000000        1.0000000000        0.0000117733
      223.2805611222        1.0000000000        1.0000000000        0.0000117086
      223.3186372745        1.0000000000        1.0000000000        0.0000116473
      223.3567134269        1.0000000000        1.0000000000        0.0000115893
      223.3947895792        1.0000000000        1.0000000000        0.0000115344
      223.4328657315        1.0000000000        1.0000000000        0.0000114824
      223.4709418838        1.0000000000        1.0000000000        0.0000114333
      223.5090180361        1.0000000000        1.0000000000        0.0000113869
      223.5470941884        1.0000000000        1.0000000000        0.0000113431
      223.5851703407        1.0000000000        1.0000000000        0.0000113017
      223.6232464930        1.0000000000        1.0000000000        0.0000112628
      223.6613226453        1.0000000000        1.0000000000        0.0000112262
      223.6993987976        1.0000000000        1.0000000000        0.0000111918
      223.7374749499        1.0000000000        1.0000000000        0.0000111597
      223.7755511022        1.0000000000        1.0000000000        0.0000111296
      223.8136272545        1.0000000000        1.0000000000        0.0000111017
      223.8517034068        1.0000000000        1.0000000000        0.0000110758
      223.8897795591        1.0000000000        1.0000000000        0.0000110519
      223.9278557114        1.0000000000        1.0000000000        0.0000110300
      223.9659318637        1.0000000000        1.0000000000        0.0000110101
      224.0040080160        1.0000000000        1.0000000000        0.0000109922
      224.0420841683        1.0000000000        1.0000000000        0.0000109762
      224.0801603206        1.0000000000        1.0000000000        0.0000109622
      224.1182364729        1.0000000000        1.0000000000        0.0000109501
      224.1563126253        1.0000000000        1.0000000000        0.0000109400
      224.1943887776        1.0000000000        1.0000000000        0.0000109319
      224.2324649299        1.0000000000        1.0000000000        0.0000109258
      224.2705410822        1.0000000000        1.0000000000        0.0000109218
      224.3086172345        1.0000000000        1.0000000000        0.0000109198
      224.3466933868        1.0000000000        1.0000000000        0.0000109200
      224.3847695391        1.0000000000        1.0000000000        0.0000109224
      224.4228456914        1.0000000000        1.0000000000        0.0000109271
      224.4609218437        1.0000000000        1.0000000000        0.0000109341
      224.4989979960        1.0000000000        1.0000000000        0.0000109435
      224.5370741483        1.0000000000        1.0000000000        0.0000109553
      224.5751503006        1.0000000000        1.0000000000        0.0000109696
      224.6132264529        1.0000000000        1.0000000000        0.0000109866
      224.6513026052        1.0000000000        1.0000000000        0.0000110062
      224.6893787575        1.0000000000        1.0000000000        0.0000110286
      224.7274549098        1.0000000000        1.0000000000        0.0000110538
      224.7655310621        1.0000000000        1.0000000000        0.0000110818
      224.8036072144        1.0000000000        1.0000000000        0.0000111128
      224.8416833667        1.0000000000        1.0000000000        0.0000111467
      224.8797595190        1.0000000000        1.0000000000        0.0000111837
      224.9178356713        1.0000000000        1.0000000000        0.0000112236
      224.9559118236        1.0000000000        1.0000000000        0.0000112664
      224.9939879760        1.0000000000        1.0000000000        0.0000113122
      225.0320641283        1.0000000000        1.0000000000        0.0000113608
      225.0701402806        1.0000000000        1.0000000000        0.0000114121
      225.1082164329        1.0000000000        1.0000000000        0.0000114659
      225.1462925852        1.0000000000        1.0000000000        0.0000115222
      225.1843687375        1.0000000000        1.0000000000        0.0000115806
      225.2224448898        1.0000000000        1.0000000000        0.0000116409
      225.2605210421        1.0000000000        1.0000000000        0.0000117031
      225.2985971944        1.0000000000        1.0000000000        0.0000117667
      225.3366733467        1.0000000000        1.0000000000        0.0000118318
      225.3747494990        1.0000000000        1.0000000000        0.0000118982
      225.4128256513        1.0000000000        1.0000000000        0.0000119658
      225.4509018036        1.0000000000        1.0000000000        0.0000120346
      225.4889779559        1.0000000000        1.0000000000        0.0000121046
      225.5270541082        1.0000000000        1.0000000000        0.0000121757
      225.5651302605        1.0000000000        1.0000000000        0.0000122479
      225.6032064128        1.0000000000        1.0000000000        0.0000123214
      225.6412825651        1.0000000000        1.0000000000        0.0000123960
      225.6793587174        1.0000000000        1.0000000000        0.0000124718
      225.7174348697        1.0000000000        1.0000000000        0.0000125489
      225.7555110220        1.0000000000        1.0000000000        0.0000126271
      225.7935871743        1.0000000000        1.0000000000        0.0000127065
      225.8316633267        1.0000000000        1.0000000000        0.0000127872
      225.8697394790        1.0000000000        1.0000000000        0.0000128691
      225.9078156313        1.0000000000        1.0000000000        0.0000129522
      225.9458917836        1.0000000000        1.0000000000        0.0000130366
      225.9839679359        1.0000000000        1.0000000000        0.0000131222
      226.0220440882        1.0000000000        1.0000000000        0.0000132091
      226.0601202405        1.0000000000        1.0000000000        0.0000132972
      226.0981963928        1.0000000000        1.0000000000        0.0000133866
      226.1362725451        1.0000000000        1.0000000000        0.0000134773
      226.1743486974        1.0000000000        1.0000000000        0.0000135692
      226.2124248497        1.0000000000        1.0000000000        0.0000136624
      226.2505010020        1.0000000000        1.0000000000        0.0000137568
      226.2885771543        1.0000000000        1.0000000000        0.0000138526
      226.3266533066        1.0000000000        1.0000000000        0.0000139496
      226.3647294589        1.0000000000        1.0000000000        0.0000140478
      226.4028056112        1.0000000000        1.0000000000        0.0000141474
      226.4408817635        1.0000000000        1.0000000000        0.0000142482
      226.4789579158        1.0000000000        1.0000000000        0.0000143504
      226.5170340681        1.0000000000        1.0000000000        0.0000144537
      226.5551102204        1.0000000000        1.0000000000        0.0000145584
      226.5931863727        1.0000000000        1.0000000000        0.0000146644
      226.6312625251        1.0000000000        1.0000000000        0.0000147716
      226.6693386774        1.0000000000        1.0000000000        0.0000148801
      226.7074148297        1.0000000000        1.0000000000        0.0000149899
      226.7454909820        1.0000000000        1.0000000000        0.0000151010
      226.7835671343        1.0000000000        1.0000000000        0.0000152134
      226.8216432866        1.0000000000        1.0000000000        0.0000153271
      226.8597194389        1.0000000000        1.0000000000        0.0000154421
      226.8977955912        1.0000000000        1.0000000000        0.0000155585
      226.9358717435        1.0000000000        1.0000000000        0.0000156763
      226.9739478958        1.0000000000        1.0000000000        0.0000157955
      227.0120240481        1.0000000000        1.0000000000        0.0000159161
      227.0501002004        1.0000000000        1.0000000000        0.0000160382
      227.0881763527        1.0000000000        1.0000000000        0.0000161619
      227.1262525050        1.0000000000        1.0000000000        0.0000162872
      227.1643286573        1.0000000000        1.0000000000        0.0000164143
      227.2024048096        1.0000000000        1.0000000000        0.0000165432
      227.2404809619        1.0000000000        1.0000000000        0.0000166741
      227.2785571142        1.0000000000        1.0000000000        0.0000168071
      227.3166332665        1.0000000000        1.0000000000        0.0000169425
      227.3547094188        1.0000000000        1.0000000000        0.0000170804
      227.3927855711        1.0000000000        1.0000000000        0.0000172213
      227.4308617234        1.0000000000        1.0000000000        0.0000173653
      227.4689378758        1.0000000000        1.0000000000        0.0000175129
      227.5070140281        1.0000000000        1.0000000000        0.0000176645
      227.5450901804        1.0000000000        1.0000000000        0.0000178208
      227.5831663327        1.0000000000        1.0000000000        0.0000179823
      227.6212424850        1.0000000000        1.0000000000        0.0000181498
      227.6593186373        1.0000000000        1.0000000000        0.0000183241
      227.6973947896        1.0000000000        1.0000000000        0.0000185063
      227.7354709419        1.0000000000        1.0000000000        0.0000186975
      227.7735470942        1.0000000000        1.0000000000        0.0000188991
      227.8116232465        1.0000000000        1.0000000000        0.0000191128
      227.8496993988        1.0000000000        1.0000000000        0.0000193402
      227.8877755511        1.0000000000        1.0000000000        0.0000195836
      227.9258517034        1.0000000000        1.0000000000        0.0000198453
      227.9639278557        1.0000000000        1.0000000000        0.0000201280
      228.0020040080        1.0000000000        1.0000000000        0.0000204351
      228.0400801603        1.0000000000        1.0000000000        0.0000207700
      228.0781563126        1.0000000000        1.0000000000        0.0000211369
      228.1162324649        1.0000000000        1.0000000000        0.0000215404
      228.1543086172        1.0000000000        1.0000000000        0.0000219859
      228.1923847695        1.0000000000        1.0000000000        0.0000224794
      228.2304609218        1.0000000000        1.0000000000        0.0000230277
      228.2685370741        1.0000000000        1.0000000000        0.0000236385
      228.3066132265        1.0000000000        1.0000000000        0.0000243204
      228.3446893788        1.0000000000        1.0000000000        0.0000250831
      228.3827655311        1.0000000000        1.0000000000        0.0000259375
      228.4208416834        1.0000000000        1.0000000000        0.0000268958
      228.4589178357        1.0000000000        1.0000000000        0.0000279717
      228.4969939880        1.0000000000        1.0000000000        0.0000291802
      228.5350701403        1.0000000000        1.0000000000        0.0000305383
      228.5731462926        1.0000000000        1.0000000000        0.0000320647
      228.6112224449        1.0000000000        1.0000000000        0.0000337801
      228.6492985972        1.0000000000        1.0000000000        0.0000357073
      228.6873747495        1.0000000000        1.0000000000        0.0000378714
      228.7254509018        1.0000000000        1.0000000000        0.0000402999
      228.7635270541        1.0000000000        1.0000000000        0.0000430228
      228.8016032064        1.0000000000        1.0000000000        0.0000460729
      228.8396793587        1.0000000000        1.0000000000        0.0000494856
      228.8777555110        1.0000000000        1.0000000000        0.0000532991
      228.9158316633        1.0000000000        1.0000000000        0.0000575545
      228.9539078156        1.0000000000        1.0000000000        0.0000622956
      228.9919839679        1.0000000000        1.0000000000        0.0000675691
      229.0300601202        1.0000000000        1.0000000000        0.0000734240
      229.0681362725        1.0000000000        1.0000000000        0.0000799124
      229.1062124248        1.0000000000        1.0000000000        0.0000870995
      229.1442885772        1.0000000000        1.0000000000        0.0000951422
      229.1823647295        1.0000000000        1.0000000000        0.0001041821
      229.2204408818        1.0000000000        1.0000000000        0.0001142951
      229.2585170341        1.0000000000        1.0000000000        0.0001255513
      229.2965931864        1.0000000000        1.0000000000        0.0001380179
      229.3346693387        1.0000000000        1.0000000000        0.0001517568
      229.3727454910        1.0000000000        1.0000000000        0.0001668166
      229.4108216433        1.0000000000        1.0000000000        0.0001831586
      229.4488977956        1.0000000000        1.0000000000        0.0002007129
      229.4869739479        1.0000000000        1.0000000000        0.0002194701
      229.5250501002        1.0000000000        1.0000000000        0.0002394071
      229.5631262525        1.0000000000        1.0000000000        0.0002604740
      229.6012024048        1.0000000000        1.0000000000        0.0002825880
      229.6392785571        1.0000000000        1.0000000000        0.0003056267
      229.6773547094        1.0000000000        1.0000000000        0.0003294212
      229.7154308617        1.0000000000        1.0000000000        0.0003537483
      229.7535070140        1.0000000000        1.0000000000        0.0003783225
      229.7915831663        1.0000000000        1.0000000000        0.0004027883
      229.8296593186        1.0000000000        1.0000000000        0.0004267123
      229.8677354709        1.0000000000        1.0000000000        0.0004495763
      229.9058116232        1.0000000000        1.0000000000        0.0004707722
      229.9438877756        1.0000000000        1.0000000000        0.0004895998
      229.9819639279        1.0000000000        1.0000000000        0.0005052684
      230.0200400802        1.0000000000        1.0000000000        0.0005169046
      230.0581162325        1.0000000000        1.0000000000        0.0005235689
      230.0961923848        1.0000000000        1.0000000000        0.0005242846
      230.1342685371        1.0000000000        1.0000000000        0.0005180818
      230.1723446894        1.0000000000        1.0000000000        0.0005040644
      230.2104208417        1.0000000000        1.0000000000        0.0004815048
      230.2484969940        1.0000000000        1.0000000000        0.0004499765
      230.2865731463        1.0000000000        1.0000000000        0.0004095347
      230.3246492986        1.0000000000        1.0000000000        0.0003609587
      230.3627254509        1.0000000000        1.0000000000        0.0003060704
      230.4008016032        1.0000000000        1.0000000000        0.0002481372
      230.4388777555        1.0000000000        1.0000000000        0.0001921177
      230.4769539078        1.0000000000        1.0000000000        0.0001424132
      230.5150300601        1.0000000000        1.0000000000        0.0001008512
      230.5531062124        1.0000000000        1.0000000000        0.0000684636
      230.5911823647        1.0000000000        1.0000000000        0.0000457361
      230.6292585170        1.0000000000        1.0000000000        0.0000323228
      230.6673346693        1.0000000000        1.0000000000        0.0000266453
      230.7054108216        1.0000000000        1.0000000000        0.0000254857
      230.7434869739        1.0000000000        1.0000000000        0.0000253950
      230.7815631263        1.0000000000        1.0000000000        0.0000254460
      230.8196392786        1.0000000000        1.0000000000        0.0000255669
      230.8577154309        1.0000000000        1.0000000000        0.0000257361
      230.8957915832        1.0000000000        1.0000000000        0.0000259429
      230.9338677355        1.0000000000        1.0000000000        0.0000261813
      230.9719438878        1.0000000000        1.0000000000        0.0000264477
      231.0100200401        1.0000000000        1.0000000000        0.0000267400
      231.0480961924        1.0000000000        1.0000000000        0.0000270572
      231.0861723447        1.0000000000        1.0000000000        0.0000273986
      231.1242484970        1.0000000000        1.0000000000        0.0000277642
      231.1623246493        1.0000000000        1.0000000000        0.0000281544
      231.2004008016        1.0000000000        1.0000000000        0.0000285698
      231.2384769539        1.0000000000        1.0000000000        0.0000290111
      231.2765531062        1.0000000000        1.0000000000        0.0000294795
      231.3146292585        1.0000000000        1.0000000000        0.0000299759
      231.3527054108        1.0000000000        1.0000000000        0.0000305017
      231.3907815631        1.0000000000        1.0000000000        0.0000310582
      231.4288577154        1.0000000000        1.0000000000        0.0000316471
      231.4669338677        1.0000000000        1.0000000000        0.0000322697
      231.5050100200        1.0000000000        1.0000000000        0.0000329279
      231.5430861723        1.0000000000        1.0000000000        0.0000336232
      231.5811623246        1.0000000000        1.0000000000        0.0000343573
      231.6192384770        1.0000000000        1.0000000000        0.0000351321
      231.6573146293        1.0000000000        1.0000000000        0.0000359494
      231.6953907816        1.0000000000        1.0000000000        0.0000368119
      231.7334669339        1.0000000000        1.0000000000        0.0000377221
      231.7715430862        1.0000000000        1.0000000000        0.0000386813
      231.8096192385        1.0000000000        1.0000000000        0.0000396902
      231.8476953908        1.0000000000        1.0000000000        0.0000407487
      231.8857715431        1.0000000000        1.0000000000        0.0000418560
      231.9238476954        1.0000000000        1.0000000000        0.0000430102
      231.9619238477        1.0000000000        1.0000000000        0.0000442081
      232.0000000000        1.0000000000        1.0000000000        0.0000454446
